CRITICAL - 2025-05-04 01:16:25 --> Error: Class "App\Models\EventoModel" not found
[Method: GET, Route: evento/6]
in APPPATH\Controllers\Calendario.php on line 62.
 1 SYSTEMPATH\CodeIgniter.php(933): App\Controllers\Calendario->detalle('6')
 2 SYSTEMPATH\CodeIgniter.php(507): CodeIgniter\CodeIgniter->runController(Object(App\Controllers\Calendario))
 3 SYSTEMPATH\CodeIgniter.php(354): CodeIgniter\CodeIgniter->handleRequest(null, Object(Config\Cache), false)
 4 SYSTEMPATH\Boot.php(334): CodeIgniter\CodeIgniter->run()
 5 SYSTEMPATH\Boot.php(67): CodeIgniter\Boot::runCodeIgniter(Object(CodeIgniter\CodeIgniter))
 6 FCPATH\index.php(56): CodeIgniter\Boot::bootWeb(Object(Config\Paths))
CRITICAL - 2025-05-04 01:16:32 --> Error: Class "App\Models\EventoModel" not found
[Method: GET, Route: evento/6]
in APPPATH\Controllers\Calendario.php on line 62.
 1 SYSTEMPATH\CodeIgniter.php(933): App\Controllers\Calendario->detalle('6')
 2 SYSTEMPATH\CodeIgniter.php(507): CodeIgniter\CodeIgniter->runController(Object(App\Controllers\Calendario))
 3 SYSTEMPATH\CodeIgniter.php(354): CodeIgniter\CodeIgniter->handleRequest(null, Object(Config\Cache), false)
 4 SYSTEMPATH\Boot.php(334): CodeIgniter\CodeIgniter->run()
 5 SYSTEMPATH\Boot.php(67): CodeIgniter\Boot::runCodeIgniter(Object(CodeIgniter\CodeIgniter))
 6 FCPATH\index.php(56): CodeIgniter\Boot::bootWeb(Object(Config\Paths))
CRITICAL - 2025-05-04 01:17:09 --> ErrorException: Undefined variable $evenoModel
[Method: GET, Route: evento/6]
in APPPATH\Controllers\Calendario.php on line 63.
 1 APPPATH\Controllers\Calendario.php(63): CodeIgniter\Debug\Exceptions->errorHandler(2, 'Undefined variable $evenoModel', 'C:\\xampp\\htdocs\\calendario\\app\\Controllers\\Calendario.php', 63)
 2 SYSTEMPATH\CodeIgniter.php(933): App\Controllers\Calendario->detalle('6')
 3 SYSTEMPATH\CodeIgniter.php(507): CodeIgniter\CodeIgniter->runController(Object(App\Controllers\Calendario))
 4 SYSTEMPATH\CodeIgniter.php(354): CodeIgniter\CodeIgniter->handleRequest(null, Object(Config\Cache), false)
 5 SYSTEMPATH\Boot.php(334): CodeIgniter\CodeIgniter->run()
 6 SYSTEMPATH\Boot.php(67): CodeIgniter\Boot::runCodeIgniter(Object(CodeIgniter\CodeIgniter))
 7 FCPATH\index.php(56): CodeIgniter\Boot::bootWeb(Object(Config\Paths))
CRITICAL - 2025-05-04 01:17:14 --> ErrorException: Undefined variable $evenoModel
[Method: GET, Route: evento/6]
in APPPATH\Controllers\Calendario.php on line 63.
 1 APPPATH\Controllers\Calendario.php(63): CodeIgniter\Debug\Exceptions->errorHandler(2, 'Undefined variable $evenoModel', 'C:\\xampp\\htdocs\\calendario\\app\\Controllers\\Calendario.php', 63)
 2 SYSTEMPATH\CodeIgniter.php(933): App\Controllers\Calendario->detalle('6')
 3 SYSTEMPATH\CodeIgniter.php(507): CodeIgniter\CodeIgniter->runController(Object(App\Controllers\Calendario))
 4 SYSTEMPATH\CodeIgniter.php(354): CodeIgniter\CodeIgniter->handleRequest(null, Object(Config\Cache), false)
 5 SYSTEMPATH\Boot.php(334): CodeIgniter\CodeIgniter->run()
 6 SYSTEMPATH\Boot.php(67): CodeIgniter\Boot::runCodeIgniter(Object(CodeIgniter\CodeIgniter))
 7 FCPATH\index.php(56): CodeIgniter\Boot::bootWeb(Object(Config\Paths))
CRITICAL - 2025-05-04 01:18:27 --> ErrorException: Undefined variable $evenoModel
[Method: GET, Route: evento/6]
in APPPATH\Controllers\Calendario.php on line 63.
 1 APPPATH\Controllers\Calendario.php(63): CodeIgniter\Debug\Exceptions->errorHandler(2, 'Undefined variable $evenoModel', 'C:\\xampp\\htdocs\\calendario\\app\\Controllers\\Calendario.php', 63)
 2 SYSTEMPATH\CodeIgniter.php(933): App\Controllers\Calendario->detalle('6')
 3 SYSTEMPATH\CodeIgniter.php(507): CodeIgniter\CodeIgniter->runController(Object(App\Controllers\Calendario))
 4 SYSTEMPATH\CodeIgniter.php(354): CodeIgniter\CodeIgniter->handleRequest(null, Object(Config\Cache), false)
 5 SYSTEMPATH\Boot.php(334): CodeIgniter\CodeIgniter->run()
 6 SYSTEMPATH\Boot.php(67): CodeIgniter\Boot::runCodeIgniter(Object(CodeIgniter\CodeIgniter))
 7 FCPATH\index.php(56): CodeIgniter\Boot::bootWeb(Object(Config\Paths))
CRITICAL - 2025-05-04 01:18:44 --> ErrorException: Undefined variable $evento
[Method: GET, Route: evento/6]
in APPPATH\Views\eventoDetalle.php on line 5.
 1 APPPATH\Views\eventoDetalle.php(5): CodeIgniter\Debug\Exceptions->errorHandler(2, 'Undefined variable $evento', 'C:\\xampp\\htdocs\\calendario\\app\\Views\\eventoDetalle.php', 5)
 2 SYSTEMPATH\View\View.php(224): include('C:\\xampp\\htdocs\\calendario\\app\\Views\\eventoDetalle.php')
 3 SYSTEMPATH\View\View.php(227): CodeIgniter\View\View->CodeIgniter\View\{closure}()
 4 SYSTEMPATH\Common.php(1173): CodeIgniter\View\View->render('eventoDetalle', [], true)
 5 APPPATH\Controllers\Calendario.php(68): view('eventoDetalle', [...])
 6 SYSTEMPATH\CodeIgniter.php(933): App\Controllers\Calendario->detalle('6')
 7 SYSTEMPATH\CodeIgniter.php(507): CodeIgniter\CodeIgniter->runController(Object(App\Controllers\Calendario))
 8 SYSTEMPATH\CodeIgniter.php(354): CodeIgniter\CodeIgniter->handleRequest(null, Object(Config\Cache), false)
 9 SYSTEMPATH\Boot.php(334): CodeIgniter\CodeIgniter->run()
10 SYSTEMPATH\Boot.php(67): CodeIgniter\Boot::runCodeIgniter(Object(CodeIgniter\CodeIgniter))
11 FCPATH\index.php(56): CodeIgniter\Boot::bootWeb(Object(Config\Paths))
CRITICAL - 2025-05-04 01:19:02 --> ErrorException: Undefined array key "description"
[Method: GET, Route: evento/6]
in APPPATH\Views\eventoDetalle.php on line 11.
 1 APPPATH\Views\eventoDetalle.php(11): CodeIgniter\Debug\Exceptions->errorHandler(2, 'Undefined array key "description"', 'C:\\xampp\\htdocs\\calendario\\app\\Views\\eventoDetalle.php', 11)
 2 SYSTEMPATH\View\View.php(224): include('C:\\xampp\\htdocs\\calendario\\app\\Views\\eventoDetalle.php')
 3 SYSTEMPATH\View\View.php(227): CodeIgniter\View\View->CodeIgniter\View\{closure}()
 4 SYSTEMPATH\Common.php(1173): CodeIgniter\View\View->render('eventoDetalle', [], true)
 5 APPPATH\Controllers\Calendario.php(68): view('eventoDetalle', [...])
 6 SYSTEMPATH\CodeIgniter.php(933): App\Controllers\Calendario->detalle('6')
 7 SYSTEMPATH\CodeIgniter.php(507): CodeIgniter\CodeIgniter->runController(Object(App\Controllers\Calendario))
 8 SYSTEMPATH\CodeIgniter.php(354): CodeIgniter\CodeIgniter->handleRequest(null, Object(Config\Cache), false)
 9 SYSTEMPATH\Boot.php(334): CodeIgniter\CodeIgniter->run()
10 SYSTEMPATH\Boot.php(67): CodeIgniter\Boot::runCodeIgniter(Object(CodeIgniter\CodeIgniter))
11 FCPATH\index.php(56): CodeIgniter\Boot::bootWeb(Object(Config\Paths))
CRITICAL - 2025-05-04 01:55:24 --> Error: Class "App\Controllers\DateTime" not found
[Method: GET, Route: calendario]
in APPPATH\Controllers\Calendario.php on line 23.
 1 SYSTEMPATH\CodeIgniter.php(933): App\Controllers\Calendario->index()
 2 SYSTEMPATH\CodeIgniter.php(507): CodeIgniter\CodeIgniter->runController(Object(App\Controllers\Calendario))
 3 SYSTEMPATH\CodeIgniter.php(354): CodeIgniter\CodeIgniter->handleRequest(null, Object(Config\Cache), false)
 4 SYSTEMPATH\Boot.php(334): CodeIgniter\CodeIgniter->run()
 5 SYSTEMPATH\Boot.php(67): CodeIgniter\Boot::runCodeIgniter(Object(CodeIgniter\CodeIgniter))
 6 FCPATH\index.php(56): CodeIgniter\Boot::bootWeb(Object(Config\Paths))
